This is pdfTeX, Version 3.14159265-2.6-1.40.20 (TeX Live 2019/Debian) (preloaded format=latex 2024.4.20)  15 NOV 2024 09:17
entering extended mode
 restricted \write18 enabled.
 %&-line parsing enabled.
**CorrigesTerminale.tex
(./CorrigesTerminale.tex
LaTeX2e <2020-02-02> patch level 2
L3 programming layer <2020-02-14>
(/usr/share/texlive/texmf-dist/tex/latex/base/article.cls
Document Class: article 2019/12/20 v1.4l Standard LaTeX document class
(/usr/share/texlive/texmf-dist/tex/latex/base/size10.clo
File: size10.clo 2019/12/20 v1.4l Standard LaTeX file (size option)
)
\c@part=\count167
\c@section=\count168
\c@subsection=\count169
\c@subsubsection=\count170
\c@paragraph=\count171
\c@subparagraph=\count172
\c@figure=\count173
\c@table=\count174
\abovecaptionskip=\skip47
\belowcaptionskip=\skip48
\bibindent=\dimen134
)
(/usr/share/texlive/texmf-dist/tex/latex/base/fontenc.sty
Package: fontenc 2020/02/11 v2.0o Standard LaTeX package
)
(/usr/share/texlive/texmf-dist/tex/latex/base/inputenc.sty
Package: inputenc 2018/08/11 v1.3c Input encoding file
\inpenc@prehook=\toks14
\inpenc@posthook=\toks15
)
(/usr/share/texlive/texmf-dist/tex/latex/fourier/fourier.sty
Package: fourier 2020/01/14 2.1 fourier-GUTenberg package

(/usr/share/texlive/texmf-dist/tex/generic/iftex/iftex.sty
Package: iftex 2019/11/07 v1.0c TeX engine tests
)
Now handling font encoding FML ...
... no UTF-8 mapping file for font encoding FML
Now handling font encoding FMS ...
... no UTF-8 mapping file for font encoding FMS
Now handling font encoding FMX ...
... no UTF-8 mapping file for font encoding FMX

(/usr/share/texlive/texmf-dist/tex/latex/base/fontenc.sty
Package: fontenc 2020/02/11 v2.0o Standard LaTeX package
LaTeX Font Info:    Trying to load font information for T1+futs on input line 1
12.

(/usr/share/texlive/texmf-dist/tex/latex/fourier/t1futs.fd
File: t1futs.fd 2004/03/02 Fontinst v1.926 font definitions for T1/futs.
))
(/usr/share/texlive/texmf-dist/tex/latex/base/textcomp.sty
Package: textcomp 2020/02/02 v2.0n Standard LaTeX package
)
(/usr/share/texlive/texmf-dist/tex/latex/fourier/fourier-orns.sty
Package: fourier-orns 2020/01/14 2.1 fourier-ornaments package
)
LaTeX Font Info:    Redeclaring symbol font `operators' on input line 61.
LaTeX Font Info:    Encoding `OT1' has changed to `T1' for symbol font
(Font)              `operators' in the math version `normal' on input line 61.
LaTeX Font Info:    Overwriting symbol font `operators' in version `normal'
(Font)                  OT1/cmr/m/n --> T1/futs/m/n on input line 61.
LaTeX Font Info:    Encoding `OT1' has changed to `T1' for symbol font
(Font)              `operators' in the math version `bold' on input line 61.
LaTeX Font Info:    Overwriting symbol font `operators' in version `bold'
(Font)                  OT1/cmr/bx/n --> T1/futs/m/n on input line 61.
LaTeX Font Info:    Overwriting symbol font `operators' in version `bold'
(Font)                  T1/futs/m/n --> T1/futs/b/n on input line 62.
LaTeX Font Info:    Redeclaring symbol font `letters' on input line 70.
LaTeX Font Info:    Encoding `OML' has changed to `FML' for symbol font
(Font)              `letters' in the math version `normal' on input line 70.
LaTeX Font Info:    Overwriting symbol font `letters' in version `normal'
(Font)                  OML/cmm/m/it --> FML/futmi/m/it on input line 70.
LaTeX Font Info:    Encoding `OML' has changed to `FML' for symbol font
(Font)              `letters' in the math version `bold' on input line 70.
LaTeX Font Info:    Overwriting symbol font `letters' in version `bold'
(Font)                  OML/cmm/b/it --> FML/futmi/m/it on input line 70.
\symotherletters=\mathgroup4
LaTeX Font Info:    Overwriting symbol font `letters' in version `bold'
(Font)                  FML/futmi/m/it --> FML/futmi/b/it on input line 72.
LaTeX Font Info:    Overwriting symbol font `otherletters' in version `bold'
(Font)                  FML/futm/m/it --> FML/futm/b/it on input line 73.
LaTeX Font Info:    Redeclaring math symbol \Gamma on input line 74.
LaTeX Font Info:    Redeclaring math symbol \Delta on input line 75.
LaTeX Font Info:    Redeclaring math symbol \Theta on input line 76.
LaTeX Font Info:    Redeclaring math symbol \Lambda on input line 77.
LaTeX Font Info:    Redeclaring math symbol \Xi on input line 78.
LaTeX Font Info:    Redeclaring math symbol \Pi on input line 79.
LaTeX Font Info:    Redeclaring math symbol \Sigma on input line 80.
LaTeX Font Info:    Redeclaring math symbol \Upsilon on input line 81.
LaTeX Font Info:    Redeclaring math symbol \Phi on input line 82.
LaTeX Font Info:    Redeclaring math symbol \Psi on input line 83.
LaTeX Font Info:    Redeclaring math symbol \Omega on input line 84.
LaTeX Font Info:    Redeclaring symbol font `symbols' on input line 124.
LaTeX Font Info:    Encoding `OMS' has changed to `FMS' for symbol font
(Font)              `symbols' in the math version `normal' on input line 124.
LaTeX Font Info:    Overwriting symbol font `symbols' in version `normal'
(Font)                  OMS/cmsy/m/n --> FMS/futm/m/n on input line 124.
LaTeX Font Info:    Encoding `OMS' has changed to `FMS' for symbol font
(Font)              `symbols' in the math version `bold' on input line 124.
LaTeX Font Info:    Overwriting symbol font `symbols' in version `bold'
(Font)                  OMS/cmsy/b/n --> FMS/futm/m/n on input line 124.
LaTeX Font Info:    Redeclaring symbol font `largesymbols' on input line 125.
LaTeX Font Info:    Encoding `OMX' has changed to `FMX' for symbol font
(Font)              `largesymbols' in the math version `normal' on input line 1
25.
LaTeX Font Info:    Overwriting symbol font `largesymbols' in version `normal'
(Font)                  OMX/cmex/m/n --> FMX/futm/m/n on input line 125.
LaTeX Font Info:    Encoding `OMX' has changed to `FMX' for symbol font
(Font)              `largesymbols' in the math version `bold' on input line 125
.
LaTeX Font Info:    Overwriting symbol font `largesymbols' in version `bold'
(Font)                  OMX/cmex/m/n --> FMX/futm/m/n on input line 125.
LaTeX Font Info:    Redeclaring math alphabet \mathbf on input line 126.
LaTeX Font Info:    Overwriting math alphabet `\mathbf' in version `normal'
(Font)                  OT1/cmr/bx/n --> T1/futs/bx/n on input line 126.
LaTeX Font Info:    Overwriting math alphabet `\mathbf' in version `bold'
(Font)                  OT1/cmr/bx/n --> T1/futs/bx/n on input line 126.
LaTeX Font Info:    Redeclaring math alphabet \mathrm on input line 127.
LaTeX Font Info:    Redeclaring math alphabet \mathit on input line 128.
LaTeX Font Info:    Overwriting math alphabet `\mathit' in version `normal'
(Font)                  OT1/cmr/m/it --> T1/futs/m/it on input line 128.
LaTeX Font Info:    Overwriting math alphabet `\mathit' in version `bold'
(Font)                  OT1/cmr/bx/it --> T1/futs/m/it on input line 128.
LaTeX Font Info:    Redeclaring math alphabet \mathcal on input line 129.
LaTeX Font Info:    Redeclaring math symbol \parallel on input line 145.
LaTeX Font Info:    Redeclaring math symbol \hbar on input line 159.
LaTeX Font Info:    Redeclaring math symbol \varkappa on input line 197.
LaTeX Font Info:    Redeclaring math symbol \varvarrho on input line 198.
LaTeX Font Info:    Redeclaring math delimiter \Vert on input line 221.
LaTeX Font Info:    Redeclaring math delimiter \vert on input line 226.
LaTeX Font Info:    Redeclaring math delimiter \Downarrow on input line 236.
LaTeX Font Info:    Redeclaring math delimiter \backslash on input line 238.
LaTeX Font Info:    Redeclaring math delimiter \rangle on input line 240.
LaTeX Font Info:    Redeclaring math delimiter \langle on input line 242.
LaTeX Font Info:    Redeclaring math delimiter \rbrace on input line 244.
LaTeX Font Info:    Redeclaring math delimiter \lbrace on input line 246.
LaTeX Font Info:    Redeclaring math delimiter \rceil on input line 248.
LaTeX Font Info:    Redeclaring math delimiter \lceil on input line 250.
LaTeX Font Info:    Redeclaring math delimiter \rfloor on input line 252.
LaTeX Font Info:    Redeclaring math delimiter \lfloor on input line 254.
LaTeX Font Info:    Redeclaring math accent \acute on input line 258.
LaTeX Font Info:    Redeclaring math accent \grave on input line 259.
LaTeX Font Info:    Redeclaring math accent \ddot on input line 260.
LaTeX Font Info:    Redeclaring math accent \tilde on input line 261.
LaTeX Font Info:    Redeclaring math accent \bar on input line 262.
LaTeX Font Info:    Redeclaring math accent \breve on input line 263.
LaTeX Font Info:    Redeclaring math accent \check on input line 264.
LaTeX Font Info:    Redeclaring math accent \hat on input line 265.
LaTeX Font Info:    Redeclaring math accent \dot on input line 266.
LaTeX Font Info:    Redeclaring math accent \mathring on input line 267.
\symUfutm=\mathgroup5
)
(/usr/share/texlive/texmf-dist/tex/latex/psnfss/helvet.sty
Package: helvet 2005/04/12 PSNFSS-v9.2a (WaS) 

(/usr/share/texlive/texmf-dist/tex/latex/graphics/keyval.sty
Package: keyval 2014/10/28 v1.15 key=value parser (DPC)
\KV@toks@=\toks16
))
(/usr/share/texlive/texmf-dist/tex/latex/amsmath/amsmath.sty
Package: amsmath 2020/01/20 v2.17e AMS math features
\@mathmargin=\skip49

For additional information on amsmath, use the `?' option.
(/usr/share/texlive/texmf-dist/tex/latex/amsmath/amstext.sty
Package: amstext 2000/06/29 v2.01 AMS text

(/usr/share/texlive/texmf-dist/tex/latex/amsmath/amsgen.sty
File: amsgen.sty 1999/11/30 v2.0 generic functions
\@emptytoks=\toks17
\ex@=\dimen135
))
(/usr/share/texlive/texmf-dist/tex/latex/amsmath/amsbsy.sty
Package: amsbsy 1999/11/29 v1.2d Bold Symbols
\pmbraise@=\dimen136
)
(/usr/share/texlive/texmf-dist/tex/latex/amsmath/amsopn.sty
Package: amsopn 2016/03/08 v2.02 operator names
)
\inf@bad=\count175
LaTeX Info: Redefining \frac on input line 227.
\uproot@=\count176
\leftroot@=\count177
LaTeX Info: Redefining \overline on input line 389.
\classnum@=\count178
\DOTSCASE@=\count179
LaTeX Info: Redefining \ldots on input line 486.
LaTeX Info: Redefining \dots on input line 489.
LaTeX Info: Redefining \cdots on input line 610.
\Mathstrutbox@=\box45
\strutbox@=\box46
\big@size=\dimen137
LaTeX Font Info:    Redeclaring font encoding OML on input line 733.
LaTeX Font Info:    Redeclaring font encoding OMS on input line 734.
\macc@depth=\count180
\c@MaxMatrixCols=\count181
\dotsspace@=\muskip16
\c@parentequation=\count182
\dspbrk@lvl=\count183
\tag@help=\toks18
\row@=\count184
\column@=\count185
\maxfields@=\count186
\andhelp@=\toks19
\eqnshift@=\dimen138
\alignsep@=\dimen139
\tagshift@=\dimen140
\tagwidth@=\dimen141
\totwidth@=\dimen142
\lineht@=\dimen143
\@envbody=\toks20
\multlinegap=\skip50
\multlinetaggap=\skip51
\mathdisplay@stack=\toks21
LaTeX Info: Redefining \[ on input line 2859.
LaTeX Info: Redefining \] on input line 2860.
)
(/usr/share/texlive/texmf-dist/tex/latex/amsfonts/amssymb.sty
Package: amssymb 2013/01/14 v3.01 AMS font symbols

(/usr/share/texlive/texmf-dist/tex/latex/amsfonts/amsfonts.sty
Package: amsfonts 2013/01/14 v3.01 Basic AMSFonts support
\symAMSa=\mathgroup6
\symAMSb=\mathgroup7
LaTeX Font Info:    Overwriting math alphabet `\mathfrak' in version `bold'
(Font)                  U/euf/m/n --> U/euf/b/n on input line 106.
LaTeX Font Info:    Redeclaring math symbol \square on input line 141.
)
LaTeX Font Info:    Redeclaring math symbol \blacksquare on input line 48.
LaTeX Font Info:    Redeclaring math symbol \vDash on input line 60.
LaTeX Font Info:    Redeclaring math symbol \leftleftarrows on input line 63.
LaTeX Font Info:    Redeclaring math symbol \rightrightarrows on input line 64.

LaTeX Font Info:    Redeclaring math symbol \leqslant on input line 101.
LaTeX Font Info:    Redeclaring math symbol \geqslant on input line 108.
LaTeX Font Info:    Redeclaring math symbol \blacktriangleright on input line 1
20.
LaTeX Font Info:    Redeclaring math symbol \blacktriangleleft on input line 12
1.
LaTeX Font Info:    Redeclaring math symbol \complement on input line 165.
LaTeX Font Info:    Redeclaring math symbol \intercal on input line 166.
LaTeX Font Info:    Redeclaring math symbol \nleqslant on input line 181.
LaTeX Font Info:    Redeclaring math symbol \ngeqslant on input line 182.
LaTeX Font Info:    Redeclaring math symbol \varsubsetneq on input line 203.
LaTeX Font Info:    Redeclaring math symbol \subsetneqq on input line 207.
LaTeX Font Info:    Redeclaring math symbol \nparallel on input line 215.
LaTeX Font Info:    Redeclaring math symbol \nvDash on input line 221.
LaTeX Font Info:    Redeclaring math symbol \nexists on input line 235.
LaTeX Font Info:    Redeclaring math symbol \smallsetminus on input line 251.
LaTeX Font Info:    Redeclaring math symbol \curvearrowleft on input line 257.
LaTeX Font Info:    Redeclaring math symbol \curvearrowright on input line 258.

LaTeX Font Info:    Redeclaring math symbol \varkappa on input line 260.
LaTeX Font Info:    Redeclaring math symbol \hslash on input line 262.
)
(/usr/share/texlive/texmf-dist/tex/latex/base/makeidx.sty
Package: makeidx 2014/09/29 v1.0m Standard LaTeX package
)
(/usr/share/texlive/texmf-dist/tex/generic/ulem/ulem.sty
\UL@box=\box47
\UL@hyphenbox=\box48
\UL@skip=\skip52
\UL@hook=\toks22
\UL@height=\dimen144
\UL@pe=\count187
\UL@pixel=\dimen145
\ULC@box=\box49
Package: ulem 2019/11/18
\ULdepth=\dimen146
)
(/usr/share/texlive/texmf-dist/tex/latex/fancybox/fancybox.sty
Package: fancybox 2010/05/15 1.4

Style option: `fancybox' v1.4 <2010/05/15> (tvz)
\@fancybox=\box50
\shadowsize=\dimen147
\@Sbox=\box51
\do@VerbBox=\toks23
\the@fancyput=\toks24
\this@fancyput=\toks25
\EndVerbatimTokens=\toks26
\Verbatim@Outfile=\write3
\Verbatim@Infile=\read2
) (/usr/share/texlive/texmf-dist/tex/latex/cancel/cancel.sty
Package: cancel 2013/04/12 v2.2 Cancel math terms
)
(/usr/share/texlive/texmf-dist/tex/latex/stmaryrd/stmaryrd.sty
Package: stmaryrd 1994/03/03 St Mary's Road symbol package
\symstmry=\mathgroup8
LaTeX Font Info:    Overwriting symbol font `stmry' in version `bold'
(Font)                  U/stmry/m/n --> U/stmry/b/n on input line 89.
)
(/usr/share/texlive/texmf-dist/tex/latex/tools/tabularx.sty
Package: tabularx 2020/01/15 v2.11c `tabularx' package (DPC)

(/usr/share/texlive/texmf-dist/tex/latex/tools/array.sty
Package: array 2019/08/31 v2.4l Tabular extension package (FMi)
\col@sep=\dimen148
\ar@mcellbox=\box52
\extrarowheight=\dimen149
\NC@list=\toks27
\extratabsurround=\skip53
\backup@length=\skip54
\ar@cellbox=\box53
)
\TX@col@width=\dimen150
\TX@old@table=\dimen151
\TX@old@col=\dimen152
\TX@target=\dimen153
\TX@delta=\dimen154
\TX@cols=\count188
\TX@ftn=\toks28
)
(/usr/share/texlive/texmf-dist/tex/latex/geometry/geometry.sty
Package: geometry 2020/01/02 v5.9 Page Geometry

(/usr/share/texlive/texmf-dist/tex/generic/iftex/ifvtex.sty
Package: ifvtex 2019/10/25 v1.7 ifvtex legacy package. Use iftex instead.
)
\Gm@cnth=\count189
\Gm@cntv=\count190
\c@Gm@tempcnt=\count191
\Gm@bindingoffset=\dimen155
\Gm@wd@mp=\dimen156
\Gm@odd@mp=\dimen157
\Gm@even@mp=\dimen158
\Gm@layoutwidth=\dimen159
\Gm@layoutheight=\dimen160
\Gm@layouthoffset=\dimen161
\Gm@layoutvoffset=\dimen162
\Gm@dimlist=\toks29
)
(/usr/share/texlive/texmf-dist/tex/latex/tools/enumerate.sty
Package: enumerate 2015/07/23 v3.00 enumerate extensions (DPC)
\@enLab=\toks30
)
(/usr/share/texlive/texmf-dist/tex/latex/tools/dcolumn.sty
Package: dcolumn 2014/10/28 v1.06 decimal alignment package (DPC)
)
(/usr/share/texlive/texmf-dist/tex/latex/graphics/lscape.sty
Package: lscape 2000/10/22 v3.01 Landscape Pages (DPC)

(/usr/share/texlive/texmf-dist/tex/latex/graphics/graphics.sty
Package: graphics 2019/11/30 v1.4a Standard LaTeX Graphics (DPC,SPQR)

(/usr/share/texlive/texmf-dist/tex/latex/graphics/trig.sty
Package: trig 2016/01/03 v1.10 sin cos tan (DPC)
)
(/usr/share/texlive/texmf-dist/tex/latex/graphics-cfg/graphics.cfg
File: graphics.cfg 2016/06/04 v1.11 sample graphics configuration
)
Package graphics Info: Driver file: dvips.def on input line 105.

(/usr/share/texlive/texmf-dist/tex/latex/graphics-def/dvips.def
File: dvips.def 2017/06/20 v3.1d Graphics/color driver for dvips
)))
(/usr/share/texlive/texmf-dist/tex/latex/eurosym/eurosym.sty
Package: eurosym 1998/08/06 v1.1 European currency symbol ``Euro''
\@eurobox=\box54
)
(/usr/share/texlive/texmf-dist/tex/latex/graphics/color.sty
Package: color 2019/11/23 v1.2a Standard LaTeX Color (DPC)

(/usr/share/texlive/texmf-dist/tex/latex/graphics-cfg/color.cfg
File: color.cfg 2016/01/02 v1.6 sample color configuration
)
Package color Info: Driver file: dvips.def on input line 147.

(/usr/share/texlive/texmf-dist/tex/latex/graphics/dvipsnam.def
File: dvipsnam.def 2016/06/17 v3.0m Driver-dependent file (DPC,SPQR)
))
(/usr/share/texlive/texmf-dist/tex/generic/xypic/xy.sty
(/usr/share/texlive/texmf-dist/tex/generic/xypic/xy.tex Bootstrap'ing:
catcodes, docmode, (/usr/share/texlive/texmf-dist/tex/generic/xypic/xyrecat.tex
) (/usr/share/texlive/texmf-dist/tex/generic/xypic/xyidioms.tex)

 Xy-pic version 3.8.9 <2013/10/06>
 Copyright (c) 1991-2013 by Kristoffer H. Rose <krisrose@tug.org> and others
 Xy-pic is free software: see the User's Guide for details.

Loading kernel: messages; fonts; allocations: state,
\X@c=\dimen163
\Y@c=\dimen164
\U@c=\dimen165
\D@c=\dimen166
\L@c=\dimen167
\R@c=\dimen168
\Edge@c=\toks31
\X@p=\dimen169
\Y@p=\dimen170
\U@p=\dimen171
\D@p=\dimen172
\L@p=\dimen173
\R@p=\dimen174
\Edge@p=\toks32
\X@origin=\dimen175
\Y@origin=\dimen176
\X@xbase=\dimen177
\Y@xbase=\dimen178
\X@ybase=\dimen179
\Y@ybase=\dimen180
\X@min=\dimen181
\Y@min=\dimen182
\X@max=\dimen183
\Y@max=\dimen184
\lastobjectbox@=\box55
\zerodotbox@=\box56
\almostz@=\dimen185
 direction,
\d@X=\dimen186
\d@Y=\dimen187
\K@=\count192
\KK@=\count193
\Direction=\count194
\K@dXdY=\dimen188
\K@dYdX=\dimen189
\xyread@=\read3
\xywrite@=\write4
\csp@=\count195
\quotPTK@=\dimen190

utility macros; pictures: \xy, positions,
\swaptoks@@=\toks33
\connectobjectbox@@=\box57
 objects,
\styletoks@=\toks34
 decorations;
kernel objects: directionals, circles, text; options; algorithms: directions,
edges, connections;  Xy-pic loaded)
(/usr/share/texlive/texmf-dist/tex/generic/iftex/ifpdf.sty
Package: ifpdf 2019/10/25 v3.4 ifpdf legacy package. Use iftex instead.
)
Package: xy 2013/10/06 Xy-pic version 3.8.9

(/usr/share/texlive/texmf-dist/tex/generic/xypic/xyall.tex
 Xy-pic option: All features v.3.8
(/usr/share/texlive/texmf-dist/tex/generic/xypic/xycurve.tex
 Xy-pic option: Curve and Spline extension v.3.12 curve,
\crv@cnt@=\count196
\crvpts@=\toks35
\splinebox@=\box58
\splineval@=\dimen191
\splinedepth@=\dimen192
\splinetol@=\dimen193
\splinelength@=\dimen194
 circles,
\L@=\dimen195
 loaded)
(/usr/share/texlive/texmf-dist/tex/generic/xypic/xyframe.tex
 Xy-pic option: Frame and Bracket extension v.3.14 loaded)
(/usr/share/texlive/texmf-dist/tex/generic/xypic/xycmtip.tex
 Xy-pic option: Computer Modern tip extension v.3.7
(/usr/share/texlive/texmf-dist/tex/generic/xypic/xytips.tex
 Xy-pic option: More Tips extension v.3.11 loaded) loaded)
(/usr/share/texlive/texmf-dist/tex/generic/xypic/xyline.tex
 Xy-pic option: Line styles extension v.3.10
\xylinethick@=\dimen196
 loaded)
(/usr/share/texlive/texmf-dist/tex/generic/xypic/xyrotate.tex
 Xy-pic option: Rotate and Scale extension v.3.8 loaded)
(/usr/share/texlive/texmf-dist/tex/generic/xypic/xycolor.tex
 Xy-pic option: Colour extension v.3.11 loaded)
(/usr/share/texlive/texmf-dist/tex/generic/xypic/xymatrix.tex
 Xy-pic option: Matrix feature v.3.14
\Row=\count197
\Col=\count198
\queue@=\toks36
\queue@@=\toks37
\qcount@=\count199
\qcount@@=\count266
\matrixsize@=\count267
 loaded)
(/usr/share/texlive/texmf-dist/tex/generic/xypic/xyarrow.tex
 Xy-pic option: Arrow and Path feature v.3.9 path, \ar, loaded)
(/usr/share/texlive/texmf-dist/tex/generic/xypic/xygraph.tex
 Xy-pic option: Graph feature v.3.11 loaded) loaded))
(/usr/share/texlive/texmf-dist/tex/latex/pgf/frontendlayer/tikz.sty
(/usr/share/texlive/texmf-dist/tex/latex/pgf/basiclayer/pgf.sty
(/usr/share/texlive/texmf-dist/tex/latex/pgf/utilities/pgfrcs.sty
(/usr/share/texlive/texmf-dist/tex/generic/pgf/utilities/pgfutil-common.tex
\pgfutil@everybye=\toks38
\pgfutil@tempdima=\dimen197
\pgfutil@tempdimb=\dimen198

(/usr/share/texlive/texmf-dist/tex/generic/pgf/utilities/pgfutil-common-lists.t
ex)) (/usr/share/texlive/texmf-dist/tex/generic/pgf/utilities/pgfutil-latex.def
\pgfutil@abb=\box59
(/usr/share/texlive/texmf-dist/tex/latex/ms/everyshi.sty
Package: everyshi 2001/05/15 v3.00 EveryShipout Package (MS)
))
(/usr/share/texlive/texmf-dist/tex/generic/pgf/utilities/pgfrcs.code.tex
(/usr/share/texlive/texmf-dist/tex/generic/pgf/pgf.revision.tex)
Package: pgfrcs 2020/01/08 v3.1.5b (3.1.5b)
))
Package: pgf 2020/01/08 v3.1.5b (3.1.5b)

(/usr/share/texlive/texmf-dist/tex/latex/pgf/basiclayer/pgfcore.sty
(/usr/share/texlive/texmf-dist/tex/latex/graphics/graphicx.sty
Package: graphicx 2019/11/30 v1.2a Enhanced LaTeX Graphics (DPC,SPQR)
\Gin@req@height=\dimen199
\Gin@req@width=\dimen256
)
(/usr/share/texlive/texmf-dist/tex/latex/pgf/systemlayer/pgfsys.sty
(/usr/share/texlive/texmf-dist/tex/generic/pgf/systemlayer/pgfsys.code.tex
Package: pgfsys 2020/01/08 v3.1.5b (3.1.5b)

(/usr/share/texlive/texmf-dist/tex/generic/pgf/utilities/pgfkeys.code.tex
\pgfkeys@pathtoks=\toks39
\pgfkeys@temptoks=\toks40

(/usr/share/texlive/texmf-dist/tex/generic/pgf/utilities/pgfkeysfiltered.code.t
ex
\pgfkeys@tmptoks=\toks41
))
\pgf@x=\dimen257
\pgf@y=\dimen258
\pgf@xa=\dimen259
\pgf@ya=\dimen260
\pgf@xb=\dimen261
\pgf@yb=\dimen262
\pgf@xc=\dimen263
\pgf@yc=\dimen264
\pgf@xd=\dimen265
\pgf@yd=\dimen266
\w@pgf@writea=\write5
\r@pgf@reada=\read4
\c@pgf@counta=\count268
\c@pgf@countb=\count269
\c@pgf@countc=\count270
\c@pgf@countd=\count271
\t@pgf@toka=\toks42
\t@pgf@tokb=\toks43
\t@pgf@tokc=\toks44
\pgf@sys@id@count=\count272
 (/usr/share/texlive/texmf-dist/tex/generic/pgf/systemlayer/pgf.cfg
File: pgf.cfg 2020/01/08 v3.1.5b (3.1.5b)
)
Driver file for pgf: pgfsys-dvips.def

(/usr/share/texlive/texmf-dist/tex/generic/pgf/systemlayer/pgfsys-dvips.def
File: pgfsys-dvips.def 2020/01/08 v3.1.5b (3.1.5b)

(/usr/share/texlive/texmf-dist/tex/generic/pgf/systemlayer/pgfsys-common-postsc
ript.def
File: pgfsys-common-postscript.def 2020/01/08 v3.1.5b (3.1.5b)
\pgf@objectcount=\count273
)))
(/usr/share/texlive/texmf-dist/tex/generic/pgf/systemlayer/pgfsyssoftpath.code.
tex
File: pgfsyssoftpath.code.tex 2020/01/08 v3.1.5b (3.1.5b)
\pgfsyssoftpath@smallbuffer@items=\count274
\pgfsyssoftpath@bigbuffer@items=\count275
)
(/usr/share/texlive/texmf-dist/tex/generic/pgf/systemlayer/pgfsysprotocol.code.
tex
File: pgfsysprotocol.code.tex 2020/01/08 v3.1.5b (3.1.5b)
)) (/usr/share/texlive/texmf-dist/tex/latex/xcolor/xcolor.sty
Package: xcolor 2016/05/11 v2.12 LaTeX color extensions (UK)

(/usr/share/texlive/texmf-dist/tex/latex/graphics-cfg/color.cfg
File: color.cfg 2016/01/02 v1.6 sample color configuration
)
Package xcolor Info: Driver file: dvips.def on input line 225.
LaTeX Info: Redefining \color on input line 709.
Package xcolor Info: Model `cmy' substituted by `cmy0' on input line 1348.
Package xcolor Info: Model `RGB' extended on input line 1364.
Package xcolor Info: Model `HTML' substituted by `rgb' on input line 1366.
Package xcolor Info: Model `Hsb' substituted by `hsb' on input line 1367.
Package xcolor Info: Model `tHsb' substituted by `hsb' on input line 1368.
Package xcolor Info: Model `HSB' substituted by `hsb' on input line 1369.
Package xcolor Info: Model `Gray' substituted by `gray' on input line 1370.
Package xcolor Info: Model `wave' substituted by `hsb' on input line 1371.
)
(/usr/share/texlive/texmf-dist/tex/generic/pgf/basiclayer/pgfcore.code.tex
Package: pgfcore 2020/01/08 v3.1.5b (3.1.5b)

(/usr/share/texlive/texmf-dist/tex/generic/pgf/math/pgfmath.code.tex
(/usr/share/texlive/texmf-dist/tex/generic/pgf/math/pgfmathcalc.code.tex
(/usr/share/texlive/texmf-dist/tex/generic/pgf/math/pgfmathutil.code.tex)
(/usr/share/texlive/texmf-dist/tex/generic/pgf/math/pgfmathparser.code.tex
\pgfmath@dimen=\dimen267
\pgfmath@count=\count276
\pgfmath@box=\box60
\pgfmath@toks=\toks45
\pgfmath@stack@operand=\toks46
\pgfmath@stack@operation=\toks47
)
(/usr/share/texlive/texmf-dist/tex/generic/pgf/math/pgfmathfunctions.code.tex
(/usr/share/texlive/texmf-dist/tex/generic/pgf/math/pgfmathfunctions.basic.code
.tex)
(/usr/share/texlive/texmf-dist/tex/generic/pgf/math/pgfmathfunctions.trigonomet
ric.code.tex)
(/usr/share/texlive/texmf-dist/tex/generic/pgf/math/pgfmathfunctions.random.cod
e.tex)
(/usr/share/texlive/texmf-dist/tex/generic/pgf/math/pgfmathfunctions.comparison
.code.tex)
(/usr/share/texlive/texmf-dist/tex/generic/pgf/math/pgfmathfunctions.base.code.
tex)
(/usr/share/texlive/texmf-dist/tex/generic/pgf/math/pgfmathfunctions.round.code
.tex)
(/usr/share/texlive/texmf-dist/tex/generic/pgf/math/pgfmathfunctions.misc.code.
tex)
(/usr/share/texlive/texmf-dist/tex/generic/pgf/math/pgfmathfunctions.integerari
thmetics.code.tex)))
(/usr/share/texlive/texmf-dist/tex/generic/pgf/math/pgfmathfloat.code.tex
\c@pgfmathroundto@lastzeros=\count277
))
(/usr/share/texlive/texmf-dist/tex/generic/pgf/math/pgfint.code.tex)
(/usr/share/texlive/texmf-dist/tex/generic/pgf/basiclayer/pgfcorepoints.code.te
x
File: pgfcorepoints.code.tex 2020/01/08 v3.1.5b (3.1.5b)
\pgf@picminx=\dimen268
\pgf@picmaxx=\dimen269
\pgf@picminy=\dimen270
\pgf@picmaxy=\dimen271
\pgf@pathminx=\dimen272
\pgf@pathmaxx=\dimen273
\pgf@pathminy=\dimen274
\pgf@pathmaxy=\dimen275
\pgf@xx=\dimen276
\pgf@xy=\dimen277
\pgf@yx=\dimen278
\pgf@yy=\dimen279
\pgf@zx=\dimen280
\pgf@zy=\dimen281
)
(/usr/share/texlive/texmf-dist/tex/generic/pgf/basiclayer/pgfcorepathconstruct.
code.tex
File: pgfcorepathconstruct.code.tex 2020/01/08 v3.1.5b (3.1.5b)
\pgf@path@lastx=\dimen282
\pgf@path@lasty=\dimen283
)
(/usr/share/texlive/texmf-dist/tex/generic/pgf/basiclayer/pgfcorepathusage.code
.tex
File: pgfcorepathusage.code.tex 2020/01/08 v3.1.5b (3.1.5b)
\pgf@shorten@end@additional=\dimen284
\pgf@shorten@start@additional=\dimen285
)
(/usr/share/texlive/texmf-dist/tex/generic/pgf/basiclayer/pgfcorescopes.code.te
x
File: pgfcorescopes.code.tex 2020/01/08 v3.1.5b (3.1.5b)
\pgfpic=\box61
\pgf@hbox=\box62
\pgf@layerbox@main=\box63
\pgf@picture@serial@count=\count278
)
(/usr/share/texlive/texmf-dist/tex/generic/pgf/basiclayer/pgfcoregraphicstate.c
ode.tex
File: pgfcoregraphicstate.code.tex 2020/01/08 v3.1.5b (3.1.5b)
\pgflinewidth=\dimen286
)
(/usr/share/texlive/texmf-dist/tex/generic/pgf/basiclayer/pgfcoretransformation
s.code.tex
File: pgfcoretransformations.code.tex 2020/01/08 v3.1.5b (3.1.5b)
\pgf@pt@x=\dimen287
\pgf@pt@y=\dimen288
\pgf@pt@temp=\dimen289
)
(/usr/share/texlive/texmf-dist/tex/generic/pgf/basiclayer/pgfcorequick.code.tex
File: pgfcorequick.code.tex 2020/01/08 v3.1.5b (3.1.5b)
)
(/usr/share/texlive/texmf-dist/tex/generic/pgf/basiclayer/pgfcoreobjects.code.t
ex
File: pgfcoreobjects.code.tex 2020/01/08 v3.1.5b (3.1.5b)
)
(/usr/share/texlive/texmf-dist/tex/generic/pgf/basiclayer/pgfcorepathprocessing
.code.tex
File: pgfcorepathprocessing.code.tex 2020/01/08 v3.1.5b (3.1.5b)
)
(/usr/share/texlive/texmf-dist/tex/generic/pgf/basiclayer/pgfcorearrows.code.te
x
File: pgfcorearrows.code.tex 2020/01/08 v3.1.5b (3.1.5b)
\pgfarrowsep=\dimen290
)
(/usr/share/texlive/texmf-dist/tex/generic/pgf/basiclayer/pgfcoreshade.code.tex
File: pgfcoreshade.code.tex 2020/01/08 v3.1.5b (3.1.5b)
\pgf@max=\dimen291
\pgf@sys@shading@range@num=\count279
\pgf@shadingcount=\count280
)
(/usr/share/texlive/texmf-dist/tex/generic/pgf/basiclayer/pgfcoreimage.code.tex
File: pgfcoreimage.code.tex 2020/01/08 v3.1.5b (3.1.5b)

(/usr/share/texlive/texmf-dist/tex/generic/pgf/basiclayer/pgfcoreexternal.code.
tex
File: pgfcoreexternal.code.tex 2020/01/08 v3.1.5b (3.1.5b)
\pgfexternal@startupbox=\box64
))
(/usr/share/texlive/texmf-dist/tex/generic/pgf/basiclayer/pgfcorelayers.code.te
x
File: pgfcorelayers.code.tex 2020/01/08 v3.1.5b (3.1.5b)
)
(/usr/share/texlive/texmf-dist/tex/generic/pgf/basiclayer/pgfcoretransparency.c
ode.tex
File: pgfcoretransparency.code.tex 2020/01/08 v3.1.5b (3.1.5b)
)
(/usr/share/texlive/texmf-dist/tex/generic/pgf/basiclayer/pgfcorepatterns.code.
tex
File: pgfcorepatterns.code.tex 2020/01/08 v3.1.5b (3.1.5b)
)
(/usr/share/texlive/texmf-dist/tex/generic/pgf/basiclayer/pgfcorerdf.code.tex
File: pgfcorerdf.code.tex 2020/01/08 v3.1.5b (3.1.5b)
)))
(/usr/share/texlive/texmf-dist/tex/generic/pgf/modules/pgfmoduleshapes.code.tex
File: pgfmoduleshapes.code.tex 2020/01/08 v3.1.5b (3.1.5b)
\pgfnodeparttextbox=\box65
) (/usr/share/texlive/texmf-dist/tex/generic/pgf/modules/pgfmoduleplot.code.tex
File: pgfmoduleplot.code.tex 2020/01/08 v3.1.5b (3.1.5b)
)
(/usr/share/texlive/texmf-dist/tex/latex/pgf/compatibility/pgfcomp-version-0-65
.sty
Package: pgfcomp-version-0-65 2020/01/08 v3.1.5b (3.1.5b)
\pgf@nodesepstart=\dimen292
\pgf@nodesepend=\dimen293
)
(/usr/share/texlive/texmf-dist/tex/latex/pgf/compatibility/pgfcomp-version-1-18
.sty
Package: pgfcomp-version-1-18 2020/01/08 v3.1.5b (3.1.5b)
)) (/usr/share/texlive/texmf-dist/tex/latex/pgf/utilities/pgffor.sty
(/usr/share/texlive/texmf-dist/tex/latex/pgf/utilities/pgfkeys.sty
(/usr/share/texlive/texmf-dist/tex/generic/pgf/utilities/pgfkeys.code.tex))
(/usr/share/texlive/texmf-dist/tex/latex/pgf/math/pgfmath.sty
(/usr/share/texlive/texmf-dist/tex/generic/pgf/math/pgfmath.code.tex))
(/usr/share/texlive/texmf-dist/tex/generic/pgf/utilities/pgffor.code.tex
Package: pgffor 2020/01/08 v3.1.5b (3.1.5b)

(/usr/share/texlive/texmf-dist/tex/generic/pgf/math/pgfmath.code.tex)
\pgffor@iter=\dimen294
\pgffor@skip=\dimen295
\pgffor@stack=\toks48
\pgffor@toks=\toks49
))
(/usr/share/texlive/texmf-dist/tex/generic/pgf/frontendlayer/tikz/tikz.code.tex
Package: tikz 2020/01/08 v3.1.5b (3.1.5b)

(/usr/share/texlive/texmf-dist/tex/generic/pgf/libraries/pgflibraryplothandlers
.code.tex
File: pgflibraryplothandlers.code.tex 2020/01/08 v3.1.5b (3.1.5b)
\pgf@plot@mark@count=\count281
\pgfplotmarksize=\dimen296
)
\tikz@lastx=\dimen297
\tikz@lasty=\dimen298
\tikz@lastxsaved=\dimen299
\tikz@lastysaved=\dimen300
\tikz@lastmovetox=\dimen301
\tikz@lastmovetoy=\dimen302
\tikzleveldistance=\dimen303
\tikzsiblingdistance=\dimen304
\tikz@figbox=\box66
\tikz@figbox@bg=\box67
\tikz@tempbox=\box68
\tikz@tempbox@bg=\box69
\tikztreelevel=\count282
\tikznumberofchildren=\count283
\tikznumberofcurrentchild=\count284
\tikz@fig@count=\count285

(/usr/share/texlive/texmf-dist/tex/generic/pgf/modules/pgfmodulematrix.code.tex
File: pgfmodulematrix.code.tex 2020/01/08 v3.1.5b (3.1.5b)
\pgfmatrixcurrentrow=\count286
\pgfmatrixcurrentcolumn=\count287
\pgf@matrix@numberofcolumns=\count288
)
\tikz@expandcount=\count289

(/usr/share/texlive/texmf-dist/tex/generic/pgf/frontendlayer/tikz/libraries/tik
zlibrarytopaths.code.tex
File: tikzlibrarytopaths.code.tex 2020/01/08 v3.1.5b (3.1.5b)
)))
(/usr/share/texlive/texmf-dist/tex/latex/tkz-tab/tkz-tab.sty
Package: tkz-tab 2019/01/19 v1.4e variations (ctan version) 

(/usr/share/texlive/texmf-dist/tex/latex/base/ifthen.sty
Package: ifthen 2014/09/29 v1.1c Standard LaTeX ifthen package (DPC)
)
(/usr/share/texlive/texmf-dist/tex/latex/xkeyval/xkeyval.sty
Package: xkeyval 2014/12/03 v2.7a package option processing (HA)

(/usr/share/texlive/texmf-dist/tex/generic/xkeyval/xkeyval.tex
(/usr/share/texlive/texmf-dist/tex/generic/xkeyval/xkvutils.tex
\XKV@toks=\toks50
\XKV@tempa@toks=\toks51
)
\XKV@depth=\count290
File: xkeyval.tex 2014/12/03 v2.7a key=value parser (HA)
))
(/usr/share/texlive/texmf-dist/tex/generic/pgf/frontendlayer/tikz/libraries/tik
zlibraryarrows.code.tex
File: tikzlibraryarrows.code.tex 2020/01/08 v3.1.5b (3.1.5b)

(/usr/share/texlive/texmf-dist/tex/generic/pgf/libraries/pgflibraryarrows.code.
tex
File: pgflibraryarrows.code.tex 2020/01/08 v3.1.5b (3.1.5b)
\arrowsize=\dimen305
))
(/usr/share/texlive/texmf-dist/tex/generic/pgf/frontendlayer/tikz/libraries/tik
zlibrarypatterns.code.tex
File: tikzlibrarypatterns.code.tex 2020/01/08 v3.1.5b (3.1.5b)

(/usr/share/texlive/texmf-dist/tex/generic/pgf/libraries/pgflibrarypatterns.cod
e.tex
File: pgflibrarypatterns.code.tex 2020/01/08 v3.1.5b (3.1.5b)
))
\tkz@XF=\dimen306
\tkz@YF=\dimen307
\c@tkz@cnt@line=\count291
\c@tkz@cnt@lg=\count292
\c@tkz@cnt@cl=\count293
\c@tkz@cnt@pred=\count294
\c@tkz@cnt@temp=\count295
\c@tkz@cnt@arrow=\count296
\c@tkz@cnt@zone=\count297
\c@tkz@cnt@lgnext=\count298
\c@tkz@cnt@clnext=\count299
\c@tkz@cnt@pair=\count300
\c@tkz@cnt@impair=\count301
\c@tkz@cnt@aw=\count302
) (/usr/share/texlive/texmf-dist/tex/generic/systeme/systeme.sty
(/usr/share/texlive/texmf-dist/tex/generic/xstring/xstring.sty
(/usr/share/texlive/texmf-dist/tex/generic/xstring/xstring.tex
\integerpart=\count303
\decimalpart=\count304
)
Package: xstring 2019/02/06 v1.83 String manipulations (CT)
)
(/usr/share/texlive/texmf-dist/tex/generic/systeme/systeme.tex
\SYS_systemecode=\toks52
\SYS_systempreamble=\toks53
\SYSeqnum=\count305
)
Package: systeme 2019/01/13 v0.32 Mise en forme de systemes d'equations (CT)
)
(/usr/share/texlive/texmf-dist/tex/latex/was/upgreek.sty
Package: upgreek 2003/02/12 v2.0 (WaS)
Package upgreek Info: Using Euler Roman for upright Greek on input line 31.
\symugrf@m=\mathgroup9
LaTeX Font Info:    Overwriting symbol font `ugrf@m' in version `bold'
(Font)                  U/eur/m/n --> U/eur/b/n on input line 38.
)
(/usr/share/texlive/texmf-dist/tex/latex/pstricks/pstricks.sty
Package: pstricks 2018/12/21 v0.69 LaTeX wrapper for `PSTricks' (RN,HV)

(/usr/share/texlive/texmf-dist/tex/latex/tools/shellesc.sty
Package: shellesc 2019/11/08 v1.0c unified shell escape interface for LaTeX
Package shellesc Info: Restricted shell escape enabled on input line 77.
)
(/usr/share/texlive/texmf-dist/tex/generic/xkeyval/pst-xkey.tex
File: pst-xkey.tex 2005/11/25 v1.6 PSTricks specialization of xkeyval (HA)
)
(/usr/share/texlive/texmf-dist/tex/generic/pstricks/pstricks.tex
(/usr/share/texlive/texmf-dist/tex/generic/pstricks/pst-fp.tex
`pst-fp' v0.05, 2010/01/17 (hv)
\pstFP@xs=\count306
\pstFP@xia=\count307
\pstFP@xib=\count308
\pstFP@xfa=\count309
\pstFP@xfb=\count310
\pstFP@rega=\count311
\pstFP@regb=\count312
\pstFP@regs=\count313
\pstFP@times=\count314
)
\psLoopIndex=\count315

`PSTricks' v2.97  <2019/05/11> (tvz,hv)
\pst@dima=\dimen308
\pst@dimb=\dimen309
\pst@dimc=\dimen310
\pst@dimd=\dimen311
\pst@dimg=\dimen312
\pst@dimh=\dimen313
\pst@dimm=\dimen314
\pst@dimn=\dimen315
\pst@dimo=\dimen316
\pst@dimp=\dimen317
\pst@hbox=\box70
\pst@ibox=\box71
\pst@boxg=\box72
\pst@cnta=\count316
\pst@cntb=\count317
\pst@cntc=\count318
\pst@cntd=\count319
\pst@cntg=\count320
\pst@cnth=\count321
\pst@cntm=\count322
\pst@cntn=\count323
\pst@cnto=\count324
\pst@cntp=\count325
\@zero=\count326
\pst@toks=\toks54
(/usr/share/texlive/texmf-dist/tex/generic/pstricks/pstricks.con)
\psunit=\dimen318
\psxunit=\dimen319
\psyunit=\dimen320
\pst@C@@rType=\count327
\pslinewidth=\dimen321
\psk@startLW=\dimen322
\psk@endLW=\dimen323
\pst@customdefs=\toks55
\pslinearc=\dimen324
\pst@symbolStep=\dimen325
\pst@symbolWidth=\dimen326
\pst@symbolLinewidth=\dimen327
\everypsbox=\toks56
\psframesep=\dimen328
\pslabelsep=\dimen329
\sh@wgridXunit=\dimen330
\sh@wgridYunit=\dimen331
\pst@shift=\dimen332
)
File: pstricks.tex 2019/05/11 v2.97 `PSTricks' (tvz,hv)

(/usr/share/texlive/texmf-dist/tex/generic/pstricks/pst-fp.tex)
File: pst-fp.tex 2019/05/11 v2.97 `PST-fp' (hv)
)
(/usr/share/texlive/texmf-dist/tex/latex/pst-plot/pst-plot.sty
Package: pst-plot 2011/06/05 v1.00 LaTeX wrapper for `pst-plot' (HV)

(/usr/share/texlive/texmf-dist/tex/latex/xkeyval/pst-xkey.sty
Package: pst-xkey 2005/11/25 v1.6 package wrapper for pst-xkey.tex (HA)
)
(/usr/share/texlive/texmf-dist/tex/latex/multido/multido.sty
Package: multido 2004/05/17 package wrapper for PSTricks `multido.tex', (HV/RN)


(/usr/share/texlive/texmf-dist/tex/generic/multido/multido.tex
 v1.42, 2010/05/14 <tvz>
\multido@count=\count328
\multidocount=\count329
\multido@stuff=\toks57
)
File: multido.tex 2010/05/14 v1.42 `multido' (tvz,hv)
)
Package: pst-plot 2011/04/13 package wrapper for pst-plot.tex (hv)

(/usr/share/texlive/texmf-dist/tex/generic/pst-plot/pst-plot.tex
(/usr/share/texlive/texmf-dist/tex/generic/pst-tools/pst-tools.tex
`PST-tools' v0.09b, 2017/12/03 (hv))
(/usr/share/texlive/texmf-dist/tex/generic/pstricks-add/pstricks-add.tex
(/usr/share/texlive/texmf-dist/tex/generic/pst-node/pst-node.tex
 v1.42, 2019/03/03
\psrow=\count330
\pscol=\count331
\psmatrixcnt=\count332
\psrowsep=\skip55
\pscolsep=\skip56
\pst@args=\count333
\num@pts=\count334
\pst@argcnt=\count335
)
(/usr/share/texlive/texmf-dist/tex/generic/pst-arrow/pst-arrow.tex
`pst-arrow' v0.01, 2016/09/01 (dr,hv)
\pshooklength=\dimen333
\pshookwidth=\dimen334
)
(/usr/share/texlive/texmf-dist/tex/generic/pst-3d/pst-3d.tex
`PST-3d' v1.11, 2010/02/14 (tvz))
(/usr/share/texlive/texmf-dist/tex/generic/pst-math/pst-math.tex
`pst-math' v0.64 , (CJ,hv)) `pstricks-add' v3.89a, 2020/02/12 (dr,hv)
\psparallelogramsep=\dimen335
\pst@cntC=\count336
\pst@stepcount=\count337
\chart@ColorIndex=\dimen336
\chart@ColorStep=\dimen337
\pst@chartHeight=\dimen338
\pst@chartStackDepth=\dimen339
\pst@chartStackWidth=\dimen340
\chart@Toggle=\count338
\psVectorCtr=\count339
)
 v1.92, 2019/05/16 (tvz,hv)
\pstRadUnit=\dimen341
\pstRadUnitInv=\dimen342
\pst@linecnt=\count340
\RCD@file=\read5
\psxlabelsep=\dimen343
\psylabelsep=\dimen344
\psk@subticksize=\dimen345
\pst@xticksizeA=\dimen346
\pst@xticksizeB=\dimen347
\pst@xticksizeC=\dimen348
\pst@yticksizeA=\dimen349
\pst@yticksizeB=\dimen350
\pst@yticksizeC=\dimen351
\@digitcounter=\count341
\psk@llx=\dimen352
\psk@lly=\dimen353
\psk@urx=\dimen354
\psk@ury=\dimen355
\pst@xunit=\dimen356
\pst@yunit=\dimen357
)
File: pst-plot.tex 2019/05/16 1.92 `pst-plot' (tvz,hv)
)
(/usr/share/texlive/texmf-dist/tex/latex/pst-text/pst-text.sty
Package: pst-text 2018/12/28 package wrapper for pst-text.tex (hv)

(/usr/share/texlive/texmf-dist/tex/generic/pst-text/pst-text.tex
 v1.01, 2018/12/22(tvz,hv))
File: pst-text.tex 2018/12/22 1.01 `pst-text' (tvz)
)
(/usr/share/texlive/texmf-dist/tex/latex/pst-tree/pst-tree.sty
Package: pst-tree 2009/01/25 package wrapper for pst-tree.tex

(/usr/share/texlive/texmf-dist/tex/generic/pst-tree/pst-tree.tex
 v1.13, 2017/02/18(tvz,dg,hv)
\pstree@rootbox=\box73
\pstree@box=\box74
\psnodecnt=\count342
\pstreelevel=\count343
\pstreecnt=\count344
\pstree@cnt=\count345
\pstree@stop=\count346
)
File: pst-tree.tex 2017/02/18 1.13 `pst-tree' (tvz,hv)
)
(/usr/share/texlive/texmf-dist/tex/latex/pstricks-add/pstricks-add.sty
(/usr/share/texlive/texmf-dist/tex/latex/pst-node/pst-node.sty
Package: pst-node 2012/09/18 v1.01 LaTeX wrapper for `pst-node' (HV)
Package: pst-node 2010/04/22 package wrapper for pst-node.tex

(/usr/share/texlive/texmf-dist/tex/generic/pst-node/pst-node.tex)
File: pst-node.tex 2017/02/18 1.13 `pst-node' (tvz,hv)
)
(/usr/share/texlive/texmf-dist/tex/latex/pst-3d/pst-3d.sty
Package: pst-3d 2009/07/28 package wrapper for pst-3d.tex (hv)

(/usr/share/texlive/texmf-dist/tex/generic/pst-3d/pst-3d.tex)
File: pst-3d.tex 2017/02/18 v1.13 `PST-3d' (hv)
)
(/usr/share/texlive/texmf-dist/tex/latex/pst-math/pst-math.sty
Package: pst-math 2018/12/16 v 0.65 package wrapper for PSTricks pst-math.tex

(/usr/share/texlive/texmf-dist/tex/latex/pst-calculate/pst-calculate.sty
Package: pst-calculate 2019/01/24 v. 0.02(Herbert Voss) Support for caculations
 with floating point numbers.

(/usr/share/texlive/texmf-dist/tex/latex/l3packages/xparse/xparse.sty
(/usr/share/texlive/texmf-dist/tex/latex/l3kernel/expl3.sty
Package: expl3 2020-02-14 L3 programming layer (loader) 

(/usr/share/texlive/texmf-dist/tex/latex/l3backend/l3backend-dvips.def
File: l3backend-dvips.def 2020-02-03 L3 backend support: dvips
\l__pdf_internal_box=\box75
\g__pdf_backend_object_int=\count347
\l__pdf_backend_content_box=\box76
\l__pdf_backend_model_box=\box77
\g__pdf_backend_annotation_int=\count348
\g__pdf_backend_link_int=\count349
\g__pdf_backend_link_sf_int=\count350
))
Package: xparse 2020-02-14 L3 Experimental document command parser
\l__xparse_current_arg_int=\count351
\g__xparse_grabber_int=\count352
\l__xparse_m_args_int=\count353
\l__xparse_v_nesting_int=\count354
)
(/usr/share/texlive/texmf-dist/tex/latex/siunitx/siunitx.sty
Package: siunitx 2020/01/15 v2.7u A comprehensive (SI) units package

(/usr/share/texlive/texmf-dist/tex/latex/l3packages/l3keys2e/l3keys2e.sty
Package: l3keys2e 2020-02-14 LaTeX2e option processing using LaTeX3 keys
)
\l__siunitx_tmp_box=\box78
\l__siunitx_tmp_dim=\dimen358
\l__siunitx_tmp_int=\count355
\l__siunitx_number_mantissa_length_int=\count356
\l__siunitx_number_uncert_length_int=\count357
\l__siunitx_round_int=\count358
\l__siunitx_process_decimal_int=\count359
\l__siunitx_process_uncertainty_int=\count360
\l__siunitx_process_fixed_int=\count361
\l__siunitx_process_integer_min_int=\count362
\l__siunitx_process_precision_int=\count363
\l__siunitx_group_min_int=\count364
\l__siunitx_angle_marker_box=\box79
\l__siunitx_angle_unit_box=\box80
\l__siunitx_angle_marker_dim=\dimen359
\l__siunitx_angle_unit_dim=\dimen360
\l__siunitx_unit_int=\count365
\l__siunitx_unit_denominator_int=\count366
\l__siunitx_unit_numerator_int=\count367
\l__siunitx_unit_prefix_int=\count368
\l__siunitx_unit_prefix_base_int=\count369
\l__siunitx_unit_prefix_gram_int=\count370
\l__siunitx_number_product_int=\count371
\c__siunitx_one_fill_skip=\skip57
\l__siunitx_table_unit_align_skip=\skip58
\l__siunitx_table_exponent_dim=\dimen361
\l__siunitx_table_integer_dim=\dimen362
\l__siunitx_table_mantissa_dim=\dimen363
\l__siunitx_table_marker_dim=\dimen364
\l__siunitx_table_result_dim=\dimen365
\l__siunitx_table_uncert_dim=\dimen366
\l__siunitx_table_fill_pre_dim=\dimen367
\l__siunitx_table_fill_post_dim=\dimen368
\l__siunitx_table_fill_mid_dim=\dimen369
\l__siunitx_table_pre_box=\box81
\l__siunitx_table_post_box=\box82
\l__siunitx_table_mantissa_box=\box83
\l__siunitx_table_result_box=\box84
\l__siunitx_table_number_align_skip=\skip59
\l__siunitx_table_text_align_skip=\skip60

(/usr/share/texlive/texmf-dist/tex/latex/translator/translator.sty
Package: translator 2019-05-31 v1.12a Easy translation of strings in LaTeX
)))
(/usr/share/texlive/texmf-dist/tex/generic/iftex/ifluatex.sty
Package: ifluatex 2019/10/25 v1.5 ifluatex legacy package. Use iftex instead.
)
(/usr/share/texlive/texmf-dist/tex/generic/pst-math/pst-math.tex)
File: pst-math.tex 2017/02/18 v1.13 `PST-math' (hv)
\c@Rand@No=\count372
\c@Random@Left=\count373
\c@Random@Right=\count374
\c@Random@No@max=\count375
)
Package: pstricks-add 2018/02/04 v. 0.16 package wrapper for pstricks-add.tex (
hv)

(/usr/share/texlive/texmf-dist/tex/generic/pstricks-add/pstricks-add.tex)
File: pstricks-add.tex 2017/02/18 v1.13 `PSTricks-add' (hv)
)
(/usr/share/texlive/texmf-dist/tex/latex/colortbl/colortbl.sty
Package: colortbl 2020/01/04 v1.0e Color table columns (DPC)
\everycr=\toks58
\minrowclearance=\skip61
)
(/usr/share/texlive/texmf-dist/tex/latex/diagbox/diagbox.sty
Package: diagbox 2020/02/09 v2.3 Making table heads with diagonal lines

(/usr/share/texlive/texmf-dist/tex/latex/pict2e/pict2e.sty
Package: pict2e 2019/08/20 v0.3c Improved picture commands (HjG,RN,JT)

(/usr/share/texlive/texmf-dist/tex/latex/pict2e/pict2e.cfg
File: pict2e.cfg 2016/02/05 v0.1u pict2e configuration for teTeX/TeXLive
)
Package pict2e Info: Driver file: dvips.def on input line 119.
Package pict2e Info: Driver file for pict2e: p2e-dvips.def on input line 121.

(/usr/share/texlive/texmf-dist/tex/latex/pict2e/p2e-dvips.def
File: p2e-dvips.def 2016/02/05 v0.1u Driver-dependant file (RN,HjG,JT)
)
\pIIe@GRAPH=\toks59
\@arclen=\dimen370
\@arcrad=\dimen371
\@tempdimd=\dimen372
)
(/usr/share/texlive/texmf-dist/tex/latex/fp/fp.sty
Package: fp 1995/04/02

`Fixed Point Package', Version 0.8, April 2, 1995 (C) Michael Mehlich
(/usr/share/texlive/texmf-dist/tex/latex/fp/defpattern.sty
Package: defpattern 1994/10/12
\actioncount=\count376
)
(/usr/share/texlive/texmf-dist/tex/latex/fp/fp-basic.sty
Package: fp-basic 1996/05/13
\FP@xs=\count377
\FP@xia=\count378
\FP@xib=\count379
\FP@xfa=\count380
\FP@xfb=\count381
\FP@rega=\count382
\FP@regb=\count383
\FP@regs=\count384
\FP@times=\count385
)
(/usr/share/texlive/texmf-dist/tex/latex/fp/fp-addons.sty
Package: fp-addons 1995/03/15
)
(/usr/share/texlive/texmf-dist/tex/latex/fp/fp-snap.sty
Package: fp-snap 1995/04/05
)
(/usr/share/texlive/texmf-dist/tex/latex/fp/fp-exp.sty
Package: fp-exp 1995/04/03
)
(/usr/share/texlive/texmf-dist/tex/latex/fp/fp-trigo.sty
Package: fp-trigo 1995/04/14
)
(/usr/share/texlive/texmf-dist/tex/latex/fp/fp-pas.sty
Package: fp-pas 1994/08/29
)
(/usr/share/texlive/texmf-dist/tex/latex/fp/fp-random.sty
Package: fp-random 1995/02/23
\FPseed=\count386
)
(/usr/share/texlive/texmf-dist/tex/latex/fp/fp-eqn.sty
Package: fp-eqn 1995/04/03
)
(/usr/share/texlive/texmf-dist/tex/latex/fp/fp-upn.sty
Package: fp-upn 1996/10/21
)
(/usr/share/texlive/texmf-dist/tex/latex/fp/fp-eval.sty
Package: fp-eval 1995/04/03
))
(/usr/share/texlive/texmf-dist/tex/latex/tools/calc.sty
Package: calc 2017/05/25 v4.3 Infix arithmetic (KKT,FJ)
\calc@Acount=\count387
\calc@Bcount=\count388
\calc@Adimen=\dimen373
\calc@Bdimen=\dimen374
\calc@Askip=\skip62
\calc@Bskip=\skip63
LaTeX Info: Redefining \setlength on input line 80.
LaTeX Info: Redefining \addtolength on input line 81.
\calc@Ccount=\count389
\calc@Cskip=\skip64
)
\diagbox@boxa=\box85
\diagbox@boxb=\box86
\diagbox@boxm=\box87
\diagbox@wd=\dimen375
\diagbox@ht=\dimen376
\diagbox@insepl=\dimen377
\diagbox@insepr=\dimen378
\diagbox@outsepl=\dimen379
\diagbox@outsepr=\dimen380
)
(/usr/share/texlive/texmf-dist/tex/latex/fontawesome5/fontawesome5.sty
Package: fontawesome5 2020/01/17 v5.12.0.1 Font Awesome 5

(/usr/share/texlive/texmf-dist/tex/latex/fontawesome5/fontawesome5-generic-help
er.sty
Package: fontawesome5-generic-helper 2020/01/17 v5.12.0.1 non-uTeX helper for f
ontawesome5

(/usr/share/texlive/texmf-dist/tex/latex/fontawesome5/fontawesome5-mapping.def)
)) (/usr/share/texlive/texmf-dist/tex/latex/psnfss/pifont.sty
Package: pifont 2005/04/12 PSNFSS-v9.2a Pi font support (SPQR) 
LaTeX Font Info:    Trying to load font information for U+pzd on input line 63.


(/usr/share/texlive/texmf-dist/tex/latex/psnfss/upzd.fd
File: upzd.fd 2001/06/04 font definitions for U/pzd.
)
LaTeX Font Info:    Trying to load font information for U+psy on input line 64.


(/usr/share/texlive/texmf-dist/tex/latex/psnfss/upsy.fd
File: upsy.fd 2001/06/04 font definitions for U/psy.
))
(/usr/share/texlive/texmf-dist/tex/latex/wasysym/wasysym.sty
Package: wasysym 2020/01/19 v2.4 Wasy-2 symbol support package
\symwasy=\mathgroup10
LaTeX Font Info:    Overwriting symbol font `wasy' in version `bold'
(Font)                  U/wasy/m/n --> U/wasy/b/n on input line 93.
LaTeX Font Info:    Redeclaring math symbol \ocircle on input line 243.
)
(/usr/share/texlive/texmf-dist/tex/latex/tools/theorem.sty
Package: theorem 2014/10/28 v2.2c Theorem extension package (FMi)
\theorem@style=\toks60
\theorem@bodyfont=\toks61
\theorempreskipamount=\skip65
\theorempostskipamount=\skip66

(/usr/share/texlive/texmf-dist/tex/latex/tools/thp.sty
File: thp.sty 2014/10/28 v2.2c Theorem extension package (FMi)
))
\c@exo=\count390

(/usr/share/texlive/texmf-dist/tex/latex/hyperref/hyperref.sty
Package: hyperref 2020/01/14 v7.00d Hypertext links for LaTeX

(/usr/share/texlive/texmf-dist/tex/generic/ltxcmds/ltxcmds.sty
Package: ltxcmds 2019/12/15 v1.24 LaTeX kernel commands for general use (HO)
)
(/usr/share/texlive/texmf-dist/tex/latex/pdftexcmds/pdftexcmds.sty
Package: pdftexcmds 2019/11/24 v0.31 Utility functions of pdfTeX for LuaTeX (HO
)

(/usr/share/texlive/texmf-dist/tex/generic/infwarerr/infwarerr.sty
Package: infwarerr 2019/12/03 v1.5 Providing info/warning/error messages (HO)
)
Package pdftexcmds Info: \pdf@primitive is available.
Package pdftexcmds Info: \pdf@ifprimitive is available.
Package pdftexcmds Info: \pdfdraftmode is ignored in DVI mode.
)
(/usr/share/texlive/texmf-dist/tex/generic/kvsetkeys/kvsetkeys.sty
Package: kvsetkeys 2019/12/15 v1.18 Key value parser (HO)
)
(/usr/share/texlive/texmf-dist/tex/generic/kvdefinekeys/kvdefinekeys.sty
Package: kvdefinekeys 2019-12-19 v1.6 Define keys (HO)
)
(/usr/share/texlive/texmf-dist/tex/generic/pdfescape/pdfescape.sty
Package: pdfescape 2019/12/09 v1.15 Implements pdfTeX's escape features (HO)
)
(/usr/share/texlive/texmf-dist/tex/latex/hycolor/hycolor.sty
Package: hycolor 2020-01-27 v1.10 Color options for hyperref/bookmark (HO)
)
(/usr/share/texlive/texmf-dist/tex/latex/letltxmacro/letltxmacro.sty
Package: letltxmacro 2019/12/03 v1.6 Let assignment for LaTeX macros (HO)
)
(/usr/share/texlive/texmf-dist/tex/latex/auxhook/auxhook.sty
Package: auxhook 2019-12-17 v1.6 Hooks for auxiliary files (HO)
)
(/usr/share/texlive/texmf-dist/tex/latex/kvoptions/kvoptions.sty
Package: kvoptions 2019/11/29 v3.13 Key value format for package options (HO)
)
\@linkdim=\dimen381
\Hy@linkcounter=\count391
\Hy@pagecounter=\count392

(/usr/share/texlive/texmf-dist/tex/latex/hyperref/pd1enc.def
File: pd1enc.def 2020/01/14 v7.00d Hyperref: PDFDocEncoding definition (HO)
Now handling font encoding PD1 ...
... no UTF-8 mapping file for font encoding PD1
)
(/usr/share/texlive/texmf-dist/tex/generic/intcalc/intcalc.sty
Package: intcalc 2019/12/15 v1.3 Expandable calculations with integers (HO)
)
(/usr/share/texlive/texmf-dist/tex/generic/etexcmds/etexcmds.sty
Package: etexcmds 2019/12/15 v1.7 Avoid name clashes with e-TeX commands (HO)
)
\Hy@SavedSpaceFactor=\count393
\pdfmajorversion=\count394
Package hyperref Info: Hyper figures OFF on input line 4547.
Package hyperref Info: Link nesting OFF on input line 4552.
Package hyperref Info: Hyper index ON on input line 4555.
Package hyperref Info: Plain pages OFF on input line 4562.
Package hyperref Info: Backreferencing OFF on input line 4567.
Package hyperref Info: Implicit mode ON; LaTeX internals redefined.
Package hyperref Info: Bookmarks ON on input line 4800.
\c@Hy@tempcnt=\count395

(/usr/share/texlive/texmf-dist/tex/latex/url/url.sty
\Urlmuskip=\muskip17
Package: url 2013/09/16  ver 3.4  Verb mode for urls, etc.
)
LaTeX Info: Redefining \url on input line 5159.
\XeTeXLinkMargin=\dimen382

(/usr/share/texlive/texmf-dist/tex/generic/bitset/bitset.sty
Package: bitset 2019/12/09 v1.3 Handle bit-vector datatype (HO)

(/usr/share/texlive/texmf-dist/tex/generic/bigintcalc/bigintcalc.sty
Package: bigintcalc 2019/12/15 v1.5 Expandable calculations on big integers (HO
)
))
\Fld@menulength=\count396
\Field@Width=\dimen383
\Fld@charsize=\dimen384
Package hyperref Info: Hyper figures OFF on input line 6430.
Package hyperref Info: Link nesting OFF on input line 6435.
Package hyperref Info: Hyper index ON on input line 6438.
Package hyperref Info: backreferencing OFF on input line 6445.
Package hyperref Info: Link coloring OFF on input line 6450.
Package hyperref Info: Link coloring with OCG OFF on input line 6455.
Package hyperref Info: PDF/A mode OFF on input line 6460.
LaTeX Info: Redefining \ref on input line 6500.
LaTeX Info: Redefining \pageref on input line 6504.

(/usr/share/texlive/texmf-dist/tex/generic/atbegshi/atbegshi.sty
Package: atbegshi 2019/12/05 v1.19 At begin shipout hook (HO)
)
\Hy@abspage=\count397
\c@Item=\count398
\c@Hfootnote=\count399
)
Package hyperref Info: Driver (default): hdvips.

(/usr/share/texlive/texmf-dist/tex/latex/hyperref/hdvips.def
File: hdvips.def 2020/01/14 v7.00d Hyperref driver for dvips

(/usr/share/texlive/texmf-dist/tex/latex/hyperref/pdfmark.def
File: pdfmark.def 2020/01/14 v7.00d Hyperref definitions for pdfmark specials
\pdf@docset=\toks62
\pdf@box=\box88
\pdf@toks=\toks63
\pdf@defaulttoks=\toks64
\HyField@AnnotCount=\count400
\Fld@listcount=\count401
\c@bookmark@seq@number=\count402

(/usr/share/texlive/texmf-dist/tex/latex/rerunfilecheck/rerunfilecheck.sty
Package: rerunfilecheck 2019/12/05 v1.9 Rerun checks for auxiliary files (HO)

(/usr/share/texlive/texmf-dist/tex/latex/atveryend/atveryend.sty
Package: atveryend 2019-12-11 v1.11 Hooks at the very end of document (HO)
Package atveryend Info: \enddocument detected (standard20110627).
)
(/usr/share/texlive/texmf-dist/tex/generic/uniquecounter/uniquecounter.sty
Package: uniquecounter 2019/12/15 v1.4 Provide unlimited unique counter (HO)
)
Package uniquecounter Info: New unique counter `rerunfilecheck' on input line 2
86.
)
\Hy@SectionHShift=\skip67
))
Package hyperref Info: Option `colorlinks' set `true' on input line 47.

(/usr/share/texlive/texmf-dist/tex/latex/fancyhdr/fancyhdr.sty
Package: fancyhdr 2019/01/31 v3.10 Extensive control of page headers and footer
s
\f@nch@headwidth=\skip68
\f@nch@O@elh=\skip69
\f@nch@O@erh=\skip70
\f@nch@O@olh=\skip71
\f@nch@O@orh=\skip72
\f@nch@O@elf=\skip73
\f@nch@O@erf=\skip74
\f@nch@O@olf=\skip75
\f@nch@O@orf=\skip76
)
(/usr/share/texlive/texmf-dist/tex/generic/babel/babel.sty
Package: babel 2020/02/14 3.40 The Babel package

(/usr/share/texlive/texmf-dist/tex/generic/babel/switch.def
File: switch.def 2020/02/14 3.40 Babel switching mechanism
)
(/usr/share/texlive/texmf-dist/tex/generic/babel-french/frenchb.ldf
Language: frenchb 2020/01/30 v3.5g French support from the babel system


Package babel-french Warning: Option `frenchb' for Babel is *deprecated*,
(babel-french)                it might be removed sooner or later. Please
(babel-french)                use `french' instead; reported on input line 35.

(/usr/share/texlive/texmf-dist/tex/generic/babel-french/french.ldf
Language: french 2020/01/30 v3.5g French support from the babel system

(/usr/share/texlive/texmf-dist/tex/generic/babel/babel.def
File: babel.def 2020/02/14 3.40 Babel common definitions
\babel@savecnt=\count403
\U@D=\dimen385

(/usr/share/texlive/texmf-dist/tex/generic/babel/txtbabel.def)
\bbl@readstream=\read6
\bbl@dirlevel=\count404
)
Package babel Info: \l@acadian = using hyphenrules for french
(babel)             (\language7) on input line 91.
Package babel Info: \l@canadien = using hyphenrules for french
(babel)             (\language7) on input line 92.
\FB@nonchar=\count405
Package babel Info: Making : an active character on input line 419.
Package babel Info: Making ; an active character on input line 420.
Package babel Info: Making ! an active character on input line 421.
Package babel Info: Making ? an active character on input line 422.
\FBguill@level=\count406
\FBold@everypar=\toks65
\FB@Mht=\dimen386
\mc@charclass=\count407
\mc@charfam=\count408
\mc@charslot=\count409
\std@mcc=\count410
\dec@mcc=\count411
\c@FBcaption@count=\count412
\listindentFB=\dimen387
\descindentFB=\dimen388
\labelindentFB=\dimen389
\labelwidthFB=\dimen390
\leftmarginFB=\dimen391
\parindentFFN=\dimen392
\FBfnindent=\dimen393
)))
(/usr/share/texlive/texmf-dist/tex/latex/carlisle/scalefnt.sty)
(/usr/share/texlive/texmf-dist/tex/latex/numprint/numprint.sty
Package: numprint 2012/08/20 v1.39 Print numbers (HH)
\c@nprt@mantissa@digitsbefore=\count413
\c@nprt@mantissa@digitsafter=\count414
\c@nprt@exponent@digitsbefore=\count415
\c@nprt@exponent@digitsafter=\count416
\nprt@digitwidth=\skip77
\nprt@sepwidth=\skip78
\nprt@decimalwidth=\skip79
\nprt@blockwidth=\skip80
\nprt@digittoks=\toks66
\nprt@pretoks=\toks67
\nprt@posttoks=\toks68
\nprt@thisdigit=\count417
\nprt@curpos=\count418
\nprt@rndpos=\count419
\c@nprt@digitsfirstblock=\count420
\c@nprt@blockcnt=\count421
\c@nprt@cntprint=\count422

No configuration file `numprint.cfg' found.)
(/usr/share/texlive/texmf-dist/tex/latex/tools/multicol.sty
Package: multicol 2019/12/09 v1.8y multicolumn formatting (FMi)
\c@tracingmulticols=\count423
\mult@box=\box89
\multicol@leftmargin=\dimen394
\c@unbalance=\count424
\c@collectmore=\count425
\doublecol@number=\count426
\multicoltolerance=\count427
\multicolpretolerance=\count428
\full@width=\dimen395
\page@free=\dimen396
\premulticols=\dimen397
\postmulticols=\dimen398
\multicolsep=\skip81
\multicolbaselineskip=\skip82
\partial@page=\box90
\last@line=\box91
\maxbalancingoverflow=\dimen399
\mult@rightbox=\box92
\mult@grightbox=\box93
\mult@gfirstbox=\box94
\mult@firstbox=\box95
\@tempa=\box96
\@tempa=\box97
\@tempa=\box98
\@tempa=\box99
\@tempa=\box100
\@tempa=\box101
\@tempa=\box102
\@tempa=\box103
\@tempa=\box104
\@tempa=\box105
\@tempa=\box106
\@tempa=\box107
\@tempa=\box108
\@tempa=\box109
\@tempa=\box110
\@tempa=\box111
\@tempa=\box112
\@tempa=\box113
\@tempa=\box114
\@tempa=\box115
\@tempa=\box116
\@tempa=\box117
\@tempa=\box118
\@tempa=\box119
\@tempa=\box120
\@tempa=\box121
\@tempa=\box122
\@tempa=\box123
\@tempa=\box124
\@tempa=\box125
\@tempa=\box126
\@tempa=\box127
\@tempa=\box128
\@tempa=\box129
\@tempa=\box130
\@tempa=\box131
\@tempa=\box132
\c@minrows=\count429
\c@columnbadness=\count430
\c@finalcolumnbadness=\count431
\last@try=\dimen400
\multicolovershoot=\dimen401
\multicolundershoot=\dimen402
\mult@nat@firstbox=\box133
\colbreak@box=\box134
\mc@col@check@num=\count432
)
(/usr/share/texlive/texmf-dist/tex/generic/xlop/xlop.sty
Package: xlop 2009/12/02 package wrapper for xlop.tex

(/usr/share/texlive/texmf-dist/tex/generic/xlop/xlop.tex
\op@count@z=\count433
\op@count@i=\count434
\op@count@ii=\count435
\op@count@iii=\count436
\op@count@iv=\count437
\op@count@v=\count438
\op@count@vi=\count439
\op@currentstyle=\toks69

`xlop' v0.26  <2017/01/07> (jcc)
\opcolumnwidth=\dimen403
\oplineheight=\dimen404
\op@strutbox=\box135
\op@decimalsepwidth=\dimen405
\op@decimalsepoffset=\dimen406
\op@hrulewidth=\dimen407
\op@vrulewidth=\dimen408
\op@parenthesis=\count440
\op@token=\count441
\op@stack=\count442
\op@stackb=\count443
)) (/usr/share/texlive/texmf-dist/tex/latex/soul/soul.sty
Package: soul 2003/11/17 v2.4 letterspacing/underlining (mf)
\SOUL@word=\toks70
\SOUL@lasttoken=\toks71
\SOUL@cmds=\toks72
\SOUL@buffer=\toks73
\SOUL@token=\toks74
\SOUL@spaceskip=\skip83
\SOUL@ttwidth=\dimen409
\SOUL@uldp=\dimen410
\SOUL@ulht=\dimen411
)
(/usr/share/texlive/texmf-dist/tex/latex/etoolbox/etoolbox.sty
Package: etoolbox 2019/09/21 v2.5h e-TeX tools for LaTeX (JAW)
\etb@tempcnta=\count444
)
(/usr/share/texlive/texmf-dist/tex/latex/multirow/multirow.sty
Package: multirow 2019/05/31 v2.5 Span multiple rows of a table
\multirow@colwidth=\skip84
\multirow@cntb=\count445
\multirow@dima=\skip85
\bigstrutjot=\dimen412
)
(/usr/share/texlive/texmf-dist/tex/latex/tcolorbox/tcolorbox.sty
Package: tcolorbox 2019/11/15 version 4.22 text color boxes

(/usr/share/texlive/texmf-dist/tex/latex/tools/verbatim.sty
Package: verbatim 2019/11/10 v1.5r LaTeX2e package for verbatim enhancements
\every@verbatim=\toks75
\verbatim@line=\toks76
\verbatim@in@stream=\read7
)
(/usr/share/texlive/texmf-dist/tex/latex/environ/environ.sty
Package: environ 2014/05/04 v0.3 A new way to define environments

(/usr/share/texlive/texmf-dist/tex/latex/trimspaces/trimspaces.sty
Package: trimspaces 2009/09/17 v1.1 Trim spaces around a token list
))
\tcb@titlebox=\box136
\tcb@upperbox=\box137
\tcb@lowerbox=\box138
\tcb@phantombox=\box139
\c@tcbbreakpart=\count446
\c@tcblayer=\count447
\tcolorbox@number=\count448
\tcb@temp=\box140
\tcb@temp=\box141
\tcb@temp=\box142
\tcb@temp=\box143
\tcb@out=\write6
\tcb@record@out=\write7
)
(/usr/share/texlive/texmf-dist/tex/latex/stackengine/stackengine.sty
Package: stackengine 2017/02/13 v4.01\ Stacking text and objects in convenient 
ways

(/usr/share/texlive/texmf-dist/tex/generic/listofitems/listofitems.sty
(/usr/share/texlive/texmf-dist/tex/generic/listofitems/listofitems.tex
\loi_cnt_foreach_nest=\count449
\loi_nestcnt=\count450
)
Package: listofitems 2019/08/21 v1.63 Grab items in lists using user-specified 
sep char (CT)
)
\c@@stackindex=\count451
\@boxshift=\skip86
\stack@tmplength=\skip87
\temp@stkl=\skip88
\@stackedboxwidth=\skip89
\@addedbox=\box144
\@anchorbox=\box145
\stackedbox=\box146
\@centerbox=\box147
\c@ROWcellindex@=\count452
)
(/usr/share/texlive/texmf-dist/tex/latex/listings/listings.sty
\lst@mode=\count453
\lst@gtempboxa=\box148
\lst@token=\toks77
\lst@length=\count454
\lst@currlwidth=\dimen413
\lst@column=\count455
\lst@pos=\count456
\lst@lostspace=\dimen414
\lst@width=\dimen415
\lst@newlines=\count457
\lst@lineno=\count458
\lst@maxwidth=\dimen416

(/usr/share/texlive/texmf-dist/tex/latex/listings/lstmisc.sty
File: lstmisc.sty 2019/09/10 1.8c (Carsten Heinz)
\c@lstnumber=\count459
\lst@skipnumbers=\count460
\lst@framebox=\box149
)
(/usr/share/texlive/texmf-dist/tex/latex/listings/listings.cfg
File: listings.cfg 2019/09/10 1.8c listings configuration
))
Package: listings 2019/09/10 1.8c (Carsten Heinz)

(/usr/share/texlive/texmf-dist/tex/latex/listings/lstlang1.sty
File: lstlang1.sty 2019/09/10 1.8c listings language file
)
(./CorrigesTerminale.aux)
\openout1 = `CorrigesTerminale.aux'.

LaTeX Font Info:    Checking defaults for OML/cmm/m/it on input line 93.
LaTeX Font Info:    ... okay on input line 93.
LaTeX Font Info:    Checking defaults for OMS/cmsy/m/n on input line 93.
LaTeX Font Info:    ... okay on input line 93.
LaTeX Font Info:    Checking defaults for OT1/cmr/m/n on input line 93.
LaTeX Font Info:    ... okay on input line 93.
LaTeX Font Info:    Checking defaults for T1/cmr/m/n on input line 93.
LaTeX Font Info:    ... okay on input line 93.
LaTeX Font Info:    Checking defaults for TS1/cmr/m/n on input line 93.
LaTeX Font Info:    ... okay on input line 93.
LaTeX Font Info:    Checking defaults for OMX/cmex/m/n on input line 93.
LaTeX Font Info:    ... okay on input line 93.
LaTeX Font Info:    Checking defaults for U/cmr/m/n on input line 93.
LaTeX Font Info:    ... okay on input line 93.
LaTeX Font Info:    Checking defaults for FML/futm/m/it on input line 93.
LaTeX Font Info:    Trying to load font information for FML+futm on input line 
93.

(/usr/share/texlive/texmf-dist/tex/latex/fourier/fmlfutm.fd
File: fmlfutm.fd 2004/10/30 Fontinst v1.926 font definitions for FML/futm.
)
LaTeX Font Info:    ... okay on input line 93.
LaTeX Font Info:    Checking defaults for FMS/futm/m/n on input line 93.
LaTeX Font Info:    Trying to load font information for FMS+futm on input line 
93.

(/usr/share/texlive/texmf-dist/tex/latex/fourier/fmsfutm.fd
File: fmsfutm.fd 2004/10/30 Fontinst v1.926 font definitions for FMS/futm.
)
LaTeX Font Info:    ... okay on input line 93.
LaTeX Font Info:    Checking defaults for FMX/futm/m/n on input line 93.
LaTeX Font Info:    Trying to load font information for FMX+futm on input line 
93.

(/usr/share/texlive/texmf-dist/tex/latex/fourier/fmxfutm.fd
File: fmxfutm.fd futm-extension
)
LaTeX Font Info:    ... okay on input line 93.
LaTeX Font Info:    Checking defaults for PD1/pdf/m/n on input line 93.
LaTeX Font Info:    ... okay on input line 93.
LaTeX Font Info:    Redeclaring math accent \widehat on input line 93.
LaTeX Font Info:    Redeclaring math accent \widetilde on input line 93.

*geometry* driver: auto-detecting
*geometry* detected driver: dvips
*geometry* verbose mode - [ preamble ] result:
* driver: dvips
* paper: <default>
* layout: <same size as paper>
* layoutoffset:(h,v)=(0.0pt,0.0pt)
* modes: 
* h-part:(L,W,R)=(42.67912pt, 528.93675pt, 42.67912pt)
* v-part:(T,H,B)=(42.67912pt, 709.61174pt, 42.67912pt)
* \paperwidth=614.295pt
* \paperheight=794.96999pt
* \textwidth=528.93675pt
* \textheight=709.61174pt
* \oddsidemargin=-29.59087pt
* \evensidemargin=-29.59087pt
* \topmargin=-66.59087pt
* \headheight=12.0pt
* \headsep=25.0pt
* \topskip=10.0pt
* \footskip=30.0pt
* \marginparwidth=65.0pt
* \marginparsep=11.0pt
* \columnsep=10.0pt
* \skip\footins=9.0pt plus 4.0pt minus 2.0pt
* \hoffset=0.0pt
* \voffset=0.0pt
* \mag=1000
* \@twocolumnfalse
* \@twosidefalse
* \@mparswitchfalse
* \@reversemarginfalse
* (1in=72.27pt=25.4mm, 1cm=28.453pt)

ABD: EveryShipout initializing macros
(/usr/share/texlive/texmf-dist/tex/latex/translator/translator-basic-dictionary
-English.dict
Dictionary: translator-basic-dictionary, Language: English 
)
(/usr/share/texlive/texmf-dist/tex/latex/siunitx/siunitx-abbreviations.cfg
File: siunitx-abbreviations.cfg 2017/11/26 v2.7k siunitx: Abbreviated units
)
\AtBeginShipoutBox=\box150
Package hyperref Info: Link coloring ON on input line 93.

(/usr/share/texlive/texmf-dist/tex/latex/hyperref/nameref.sty
Package: nameref 2019/09/16 v2.46 Cross-referencing by name of section

(/usr/share/texlive/texmf-dist/tex/latex/refcount/refcount.sty
Package: refcount 2019/12/15 v3.6 Data extraction from label references (HO)
)
(/usr/share/texlive/texmf-dist/tex/generic/gettitlestring/gettitlestring.sty
Package: gettitlestring 2019/12/15 v1.6 Cleanup title references (HO)
)
\c@section@level=\count461
)
LaTeX Info: Redefining \ref on input line 93.
LaTeX Info: Redefining \pageref on input line 93.
LaTeX Info: Redefining \nameref on input line 93.

(./CorrigesTerminale.out) (./CorrigesTerminale.out)
\@outlinefile=\write8
\openout8 = `CorrigesTerminale.out'.

LaTeX Info: Redefining \degres on input line 93.
LaTeX Info: Redefining \dots on input line 93.
Package french.ldf Info: Setting StandardEnumerateEnv=true for
(french.ldf)             compatibility with enumerate package,
(french.ldf)             reported on input line 93.
LaTeX Info: Redefining \up on input line 93.
\c@lstlisting=\count462
LaTeX Font Info:    Trying to load font information for FML+futmi on input line
 93.

(/usr/share/texlive/texmf-dist/tex/latex/fourier/fmlfutmi.fd
File: fmlfutmi.fd 2004/10/30 Fontinst v1.926 font definitions for FML/futmi.
)
LaTeX Font Info:    Font shape `FMX/futm/m/n' will be
(Font)              scaled to size 9.19998pt on input line 93.
LaTeX Font Info:    Font shape `FMX/futm/m/n' will be
(Font)              scaled to size 6.99199pt on input line 93.
LaTeX Font Info:    Font shape `FMX/futm/m/n' will be
(Font)              scaled to size 5.51999pt on input line 93.
LaTeX Font Info:    Font shape `U/futm/m/n' will be
(Font)              scaled to size 9.19998pt on input line 93.
LaTeX Font Info:    Font shape `U/futm/m/n' will be
(Font)              scaled to size 6.99199pt on input line 93.
LaTeX Font Info:    Font shape `U/futm/m/n' will be
(Font)              scaled to size 5.51999pt on input line 93.
LaTeX Font Info:    Trying to load font information for U+msa on input line 93.


(/usr/share/texlive/texmf-dist/tex/latex/amsfonts/umsa.fd
File: umsa.fd 2013/01/14 v3.01 AMS symbols A
)
LaTeX Font Info:    Trying to load font information for U+msb on input line 93.


(/usr/share/texlive/texmf-dist/tex/latex/amsfonts/umsb.fd
File: umsb.fd 2013/01/14 v3.01 AMS symbols B
)
LaTeX Font Info:    Trying to load font information for U+stmry on input line 9
3.

(/usr/share/texlive/texmf-dist/tex/latex/stmaryrd/Ustmry.fd)
LaTeX Font Info:    Trying to load font information for U+wasy on input line 93
.

(/usr/share/texlive/texmf-dist/tex/latex/wasysym/uwasy.fd
File: uwasy.fd 2020/01/19 v2.4 Wasy-2 symbol font definitions
)
LaTeX Font Info:    Font shape `FMX/futm/m/n' will be
(Font)              scaled to size 11.03998pt on input line 98.
LaTeX Font Info:    Font shape `FMX/futm/m/n' will be
(Font)              scaled to size 8.27998pt on input line 98.
LaTeX Font Info:    Font shape `FMX/futm/m/n' will be
(Font)              scaled to size 6.43999pt on input line 98.
LaTeX Font Info:    Font shape `U/futm/m/n' will be
(Font)              scaled to size 11.03998pt on input line 98.
LaTeX Font Info:    Font shape `U/futm/m/n' will be
(Font)              scaled to size 8.27998pt on input line 98.
LaTeX Font Info:    Font shape `U/futm/m/n' will be
(Font)              scaled to size 6.43999pt on input line 98.


LaTeX Warning: No \author given.

(./CorrigesTerminale.toc)
\tf@toc=\write9
\openout9 = `CorrigesTerminale.toc'.

 [1

]
LaTeX Font Info:    Trying to load font information for TS1+futs on input line 
151.

(/usr/share/texlive/texmf-dist/tex/latex/fourier/ts1futs.fd
File: ts1futs.fd 2003/09/14 Fontinst v1.801 font definitions for TS1/futs.
) [2]
Overfull \vbox (34.08577pt too high) has occurred while \output is active []


[3] [4] [5] [6]
LaTeX Font Info:    Font shape `FMX/futm/m/n' will be
(Font)              scaled to size 7.35999pt on input line 608.
LaTeX Font Info:    Font shape `FMX/futm/m/n' will be
(Font)              scaled to size 6.25598pt on input line 608.
LaTeX Font Info:    Font shape `U/futm/m/n' will be
(Font)              scaled to size 7.35999pt on input line 608.
LaTeX Font Info:    Font shape `U/futm/m/n' will be
(Font)              scaled to size 6.25598pt on input line 608.


LaTeX Font Warning: Command \scriptsize invalid in math mode on input line 612.


[7]
Underfull \hbox (badness 6110) in paragraph at lines 705--706
[]\T1/futs/m/n/9 x s'ob-tient avec les touches
 []

LaTeX Font Info:    Trying to load font information for U+fontawesomefree1 on i
nput line 708.
(/usr/share/texlive/texmf-dist/tex/latex/fontawesome5/ufontawesomefree1.fd)
Underfull \hbox (badness 10000) in paragraph at lines 726--727
[]\T1/futs/m/n/9 X s'ob-tient avec la touche
 []


Underfull \hbox (badness 10000) in paragraph at lines 747--748
[]\T1/futs/m/n/9 X s'ob-tient avec la touche
 []


Underfull \hbox (badness 10000) in paragraph at lines 756--757
[][] \T1/futs/m/n/9 (on choi-sit donc
 []

[8] [9]

Package fourier-orns Warning: Command \danger is deprecated.
(fourier-orns)                Use \warning instead; reported on input line 1001
.

LaTeX Font Info:    Trying to load font information for U+futs on input line 10
01.
(/usr/share/texlive/texmf-dist/tex/latex/fourier/ufuts.fd
File: ufuts.fd 2004/03/02 Fontinst v1.926 font definitions for U/futs.
) [10] [11] [12]

LaTeX Font Warning: Command \scriptsize invalid in math mode on input line 1253
.

[13]
Overfull \vbox (16.8228pt too high) has occurred while \output is active []


[14]

LaTeX Font Warning: Command \scriptsize invalid in math mode on input line 1381
.

[15]

LaTeX Font Warning: Command \scriptsize invalid in math mode on input line 1477
.

[16] [17]
Overfull \hbox (12.45058pt too wide) in paragraph at lines 1617--1617
 [][]$[]$ 
 []

[18]

Package fourier-orns Warning: Command \danger is deprecated.
(fourier-orns)                Use \warning instead; reported on input line 1689
.

[19] <xymatrix 3x3 134> [20] [21] <xymatrix 3x2 218> <xymatrix 5x3 254>
[22] [23]
LaTeX Font Info:    Font shape `FMX/futm/m/n' will be
(Font)              scaled to size 22.88956pt on input line 2214.
LaTeX Font Info:    Font shape `FMX/futm/m/n' will be
(Font)              scaled to size 15.89755pt on input line 2214.
LaTeX Font Info:    Font shape `U/futm/m/n' will be
(Font)              scaled to size 22.88956pt on input line 2214.
LaTeX Font Info:    Font shape `U/futm/m/n' will be
(Font)              scaled to size 15.89755pt on input line 2214.
 [24] [25] [26] [27]

Package fourier-orns Warning: Command \danger is deprecated.
(fourier-orns)                Use \warning instead; reported on input line 2507
.

[28] <xymatrix 3x2 218> [29] [30] [31]
LaTeX Font Info:    Trying to load font information for T1+lmtt on input line 2
869.
 (/usr/share/texmf/tex/latex/lm/t1lmtt.fd
File: t1lmtt.fd 2009/10/30 v1.6 Font defs for Latin Modern
)

Package fourier-orns Warning: Command \danger is deprecated.
(fourier-orns)                Use \warning instead; reported on input line 2904
.

[32] [33] [34] [35] [36] [37] [38] [39]
LaTeX Font Info:    Trying to load font information for U+fontawesomefree3 on i
nput line 3959.

(/usr/share/texlive/texmf-dist/tex/latex/fontawesome5/ufontawesomefree3.fd)
Underfull \hbox (badness 7308) in paragraph at lines 3959--3960
[]\T1/futs/m/n/9 Calculs [] puis []
 []


Underfull \hbox (badness 10000) in paragraph at lines 3960--3961
[]\T1/futs/m/n/9 choisir D-nom-bre-ment
 []


Underfull \hbox (badness 10000) in paragraph at lines 3961--3962
[]\T1/futs/m/n/9 choisir bi-no-mial(n,k)
 []


Underfull \hbox (badness 10000) in paragraph at lines 3991--3992
[][] \T1/futs/m/n/9 (on choi-sit donc
 []

[40] [41] [42] [43] [44]

Package fourier-orns Warning: Command \danger is deprecated.
(fourier-orns)                Use \warning instead; reported on input line 4390
.

[45] [46] [47] [48] [49] [50]
Underfull \hbox (badness 10000) in paragraph at lines 4907--4908
[]\T1/futs/m/n/10 Il est agrable d'ex-pli-quer
 []

LaTeX Font Info:    Font shape `T1/futs/bx/n' in size <10> not available
(Font)              Font shape `T1/futs/b/n' tried instead on input line 4913.
LaTeX Font Info:    Font shape `T1/futs/bx/n' in size <7.6> not available
(Font)              Font shape `T1/futs/b/n' tried instead on input line 4913.
LaTeX Font Info:    Font shape `T1/futs/bx/n' in size <6> not available
(Font)              Font shape `T1/futs/b/n' tried instead on input line 4913.

Overfull \hbox (34.4206pt too wide) in paragraph at lines 4912--4921
 [] 
 []


Package fourier-orns Warning: Command \danger is deprecated.
(fourier-orns)                Use \warning instead; reported on input line 4943
.

[51]
Overfull \hbox (18.35678pt too wide) in paragraph at lines 5007--5015
 [] 
 []

[52]
Package atveryend Info: Empty hook `BeforeClearDocument' on input line 5098.
Package atveryend Info: Empty hook `AfterLastShipout' on input line 5098.
 (./CorrigesTerminale.aux)
Package atveryend Info: Empty hook `AtVeryEndDocument' on input line 5098.
Package atveryend Info: Executing hook `AtEndAfterFileList' on input line 5098.

Package rerunfilecheck Info: File `CorrigesTerminale.out' has not changed.
(rerunfilecheck)             Checksum: A33B13EB434A7D73FCA560749C0690B4;230.
Package atveryend Info: Empty hook `AtVeryVeryEnd' on input line 5098.
 ) 
Here is how much of TeX's memory you used:
 40767 strings out of 483041
 743305 string characters out of 5962452
 1458770 words of memory out of 5000000
 54949 multiletter control sequences out of 15000+600000
 661087 words of font info for 176 fonts, out of 8000000 for 9000
 81 hyphenation exceptions out of 8191
 60i,20n,75p,919b,2445s stack positions out of 5000i,500n,10000p,200000b,80000s

Output written on CorrigesTerminale.dvi (52 pages, 935624 bytes).
